11:16:27 **** Build of configuration TriCore Debug (TASKING) for project TC275_HWA1_FOC_b240227-AddSimulinkCode ****
make --output-sync -j22 all 
Building file: ../0_Src/1_SrvSw/TaskOs/AppTimerOS.c
Invoking: TASKING C/C++ Compiler
cctc -cs --dep-file="0_Src/1_SrvSw/TaskOs/AppTimerOS.d" --misrac-version=2004 -D__CPU__=tc27xd "-fD:/ADSCodeSpace/TC275_HWA1_FOC_b240227-AddSimulinkCode/TriCore Debug (TASKING)/TASKING_C_C___Compiler-Include_paths.opt" --iso=99 --c++14 --language=+volatile --exceptions --anachronisms --fp-model=3 -O0 --tradeoff=4 --compact-max-size=200 -g -Wc-w544 -Wc-w557 -Ctc27xd -Y0 -N0 -Z0 -o "0_Src/1_SrvSw/TaskOs/AppTimerOS.src" "../0_Src/1_SrvSw/TaskOs/AppTimerOS.c" && \
if [ -f "0_Src/1_SrvSw/TaskOs/AppTimerOS.d" ]; then sed.exe -r  -e 's/\b(.+\.o)\b/0_Src\/1_SrvSw\/TaskOs\/\1/g' -e 's/\\/\//g' -e 's/\/\//\//g' -e 's/"//g' -e 's/([a-zA-Z]:\/)/\L\1/g' -e 's/\d32:/@TARGET_DELIMITER@/g; s/\\\d32/@ESCAPED_SPACE@/g; s/\d32/\\\d32/g; s/@ESCAPED_SPACE@/\\\d32/g; s/@TARGET_DELIMITER@/\d32:/g' "0_Src/1_SrvSw/TaskOs/AppTimerOS.d" > "0_Src/1_SrvSw/TaskOs/AppTimerOS.d_sed" && cp "0_Src/1_SrvSw/TaskOs/AppTimerOS.d_sed" "0_Src/1_SrvSw/TaskOs/AppTimerOS.d" && rm -f "0_Src/1_SrvSw/TaskOs/AppTimerOS.d_sed" 2>/dev/null; else echo 'No dependency file to process';fi
Finished building: ../0_Src/1_SrvSw/TaskOs/AppTimerOS.c
 
TASKING VX-toolset for AURIX Development Studio (non-commercial): control program v1.1r8 Build 22011964
Building file: 0_Src/1_SrvSw/TaskOs/AppTimerOS.src
Invoking: TASKING Assembler
astc -Og -Os --no-warnings= --error-limit=42 -o  "0_Src/1_SrvSw/TaskOs/AppTimerOS.o" "0_Src/1_SrvSw/TaskOs/AppTimerOS.src"
Finished building: 0_Src/1_SrvSw/TaskOs/AppTimerOS.src
 
TASKING VX-toolset for AURIX Development Studio (non-commercial): assembler v1.1r8 Build 22011964
TASKING VX-toolset for AURIX Development Studio (non-commercial): control program v1.1r8 Build 22011964
Building file: ../0_Src/0_AppSw/SWC/AppTorqueControl.c
Invoking: TASKING C/C++ Compiler
cctc -cs --dep-file="0_Src/0_AppSw/SWC/AppTorqueControl.d" --misrac-version=2004 -D__CPU__=tc27xd "-fD:/ADSCodeSpace/TC275_HWA1_FOC_b240227-AddSimulinkCode/TriCore Debug (TASKING)/TASKING_C_C___Compiler-Include_paths.opt" --iso=99 --c++14 --language=+volatile --exceptions --anachronisms --fp-model=3 -O0 --tradeoff=4 --compact-max-size=200 -g -Wc-w544 -Wc-w557 -Ctc27xd -Y0 -N0 -Z0 -o "0_Src/0_AppSw/SWC/AppTorqueControl.src" "../0_Src/0_AppSw/SWC/AppTorqueControl.c" && \
if [ -f "0_Src/0_AppSw/SWC/AppTorqueControl.d" ]; then sed.exe -r  -e 's/\b(.+\.o)\b/0_Src\/0_AppSw\/SWC\/\1/g' -e 's/\\/\//g' -e 's/\/\//\//g' -e 's/"//g' -e 's/([a-zA-Z]:\/)/\L\1/g' -e 's/\d32:/@TARGET_DELIMITER@/g; s/\\\d32/@ESCAPED_SPACE@/g; s/\d32/\\\d32/g; s/@ESCAPED_SPACE@/\\\d32/g; s/@TARGET_DELIMITER@/\d32:/g' "0_Src/0_AppSw/SWC/AppTorqueControl.d" > "0_Src/0_AppSw/SWC/AppTorqueControl.d_sed" && cp "0_Src/0_AppSw/SWC/AppTorqueControl.d_sed" "0_Src/0_AppSw/SWC/AppTorqueControl.d" && rm -f "0_Src/0_AppSw/SWC/AppTorqueControl.d_sed" 2>/dev/null; else echo 'No dependency file to process';fi
Finished building: ../0_Src/0_AppSw/SWC/AppTorqueControl.c
 
Building file: 0_Src/0_AppSw/SWC/AppTorqueControl.src
Invoking: TASKING Assembler
astc -Og -Os --no-warnings= --error-limit=42 -o  "0_Src/0_AppSw/SWC/AppTorqueControl.o" "0_Src/0_AppSw/SWC/AppTorqueControl.src"
Finished building: 0_Src/0_AppSw/SWC/AppTorqueControl.src
 
TASKING VX-toolset for AURIX Development Studio (non-commercial): assembler v1.1r8 Build 22011964
TASKING VX-toolset for AURIX Development Studio (non-commercial): control program v1.1r8 Build 22011964
Building target: TC275_HWA1_FOC_b240227-AddSimulinkCode.elf
Invoking: TASKING Linker
cctc --lsl-file="../Lcf_Tasking_Tricore_Tc.lsl" -Wl-Oc -Wl-OL -Wl-Ot -Wl-Ox -Wl-Oy -Wl--map-file="TC275_HWA1_FOC_b240227-AddSimulinkCode.map" -Wl-mc -Wl-mf -Wl-mi -Wl-mk -Wl-ml -Wl-mm -Wl-md -Wl-mr -Wl-mu --no-warnings= -Wl--error-limit=42 -lcs_fpu -lfp_fpu -lrt --lsl-core=vtc --exceptions --strict --anachronisms --force-c++ -Ctc27xd -o"TC275_HWA1_FOC_b240227-AddSimulinkCode.elf" -Wl-o"TC275_HWA1_FOC_b240227-AddSimulinkCode.hex:IHEX"  ./Libraries/iLLD/TC27D/Tricore/_PinMap/IfxAsclin_PinMap.o ./Libraries/iLLD/TC27D/Tricore/_PinMap/IfxCcu6_PinMap.o ./Libraries/iLLD/TC27D/Tricore/_PinMap/IfxCif_PinMap.o ./Libraries/iLLD/TC27D/Tricore/_PinMap/IfxDsadc_PinMap.o ./Libraries/iLLD/TC27D/Tricore/_PinMap/IfxEray_PinMap.o ./Libraries/iLLD/TC27D/Tricore/_PinMap/IfxEth_PinMap.o ./Libraries/iLLD/TC27D/Tricore/_PinMap/IfxGpt12_PinMap.o ./Libraries/iLLD/TC27D/Tricore/_PinMap/IfxGtm_PinMap.o ./Libraries/iLLD/TC27D/Tricore/_PinMap/IfxI2c_PinMap.o ./Libraries/iLLD/TC27D/Tricore/_PinMap/IfxMsc_PinMap.o ./Libraries/iLLD/TC27D/Tricore/_PinMap/IfxMultican_PinMap.o ./Libraries/iLLD/TC27D/Tricore/_PinMap/IfxPort_PinMap.o ./Libraries/iLLD/TC27D/Tricore/_PinMap/IfxPsi5_PinMap.o ./Libraries/iLLD/TC27D/Tricore/_PinMap/IfxPsi5s_PinMap.o ./Libraries/iLLD/TC27D/Tricore/_PinMap/IfxQspi_PinMap.o ./Libraries/iLLD/TC27D/Tricore/_PinMap/IfxScu_PinMap.o ./Libraries/iLLD/TC27D/Tricore/_PinMap/IfxSent_PinMap.o ./Libraries/iLLD/TC27D/Tricore/_PinMap/IfxSmu_PinMap.o ./Libraries/iLLD/TC27D/Tricore/_PinMap/IfxVadc_PinMap.o  ./Libraries/iLLD/TC27D/Tricore/_Impl/IfxAsclin_cfg.o ./Libraries/iLLD/TC27D/Tricore/_Impl/IfxCcu6_cfg.o ./Libraries/iLLD/TC27D/Tricore/_Impl/IfxCif_cfg.o ./Libraries/iLLD/TC27D/Tricore/_Impl/IfxCpu_cfg.o ./Libraries/iLLD/TC27D/Tricore/_Impl/IfxDma_cfg.o ./Libraries/iLLD/TC27D/Tricore/_Impl/IfxEmem_cfg.o ./Libraries/iLLD/TC27D/Tricore/_Impl/IfxEray_cfg.o ./Libraries/iLLD/TC27D/Tricore/_Impl/IfxFlash_cfg.o ./Libraries/iLLD/TC27D/Tricore/_Impl/IfxGtm_cfg.o ./Libraries/iLLD/TC27D/Tricore/_Impl/IfxHssl_cfg.o ./Libraries/iLLD/TC27D/Tricore/_Impl/IfxI2c_cfg.o ./Libraries/iLLD/TC27D/Tricore/_Impl/IfxMsc_cfg.o ./Libraries/iLLD/TC27D/Tricore/_Impl/IfxMtu_cfg.o ./Libraries/iLLD/TC27D/Tricore/_Impl/IfxMultican_cfg.o ./Libraries/iLLD/TC27D/Tricore/_Impl/IfxPort_cfg.o ./Libraries/iLLD/TC27D/Tricore/_Impl/IfxPsi5_cfg.o ./Libraries/iLLD/TC27D/Tricore/_Impl/IfxQspi_cfg.o ./Libraries/iLLD/TC27D/Tricore/_Impl/IfxScu_cfg.o ./Libraries/iLLD/TC27D/Tricore/_Impl/IfxSent_cfg.o ./Libraries/iLLD/TC27D/Tricore/_Impl/IfxSmu_cfg.o ./Libraries/iLLD/TC27D/Tricore/_Impl/IfxSrc_cfg.o ./Libraries/iLLD/TC27D/Tricore/_Impl/IfxStm_cfg.o ./Libraries/iLLD/TC27D/Tricore/_Impl/IfxVadc_cfg.o  ./Libraries/iLLD/TC27D/Tricore/Vadc/Std/IfxVadc.o  ./Libraries/iLLD/TC27D/Tricore/Vadc/Adc/IfxVadc_Adc.o  ./Libraries/iLLD/TC27D/Tricore/Stm/Std/IfxStm.o  ./Libraries/iLLD/TC27D/Tricore/Src/Std/IfxSrc.o  ./Libraries/iLLD/TC27D/Tricore/Scu/Std/IfxScuCcu.o ./Libraries/iLLD/TC27D/Tricore/Scu/Std/IfxScuEru.o ./Libraries/iLLD/TC27D/Tricore/Scu/Std/IfxScuWdt.o  ./Libraries/iLLD/TC27D/Tricore/Qspi/Std/IfxQspi.o  ./Libraries/iLLD/TC27D/Tricore/Qspi/SpiSlave/IfxQspi_SpiSlave.o  ./Libraries/iLLD/TC27D/Tricore/Qspi/SpiMaster/IfxQspi_SpiMaster.o  ./Libraries/iLLD/TC27D/Tricore/Port/Std/IfxPort.o  ./Libraries/iLLD/TC27D/Tricore/Multican/Std/IfxMultican.o  ./Libraries/iLLD/TC27D/Tricore/Multican/Can/IfxMultican_Can.o  ./Libraries/iLLD/TC27D/Tricore/Mtu/Std/IfxMtu.o  ./Libraries/iLLD/TC27D/Tricore/Gtm/Trig/IfxGtm_Trig.o  ./Libraries/iLLD/TC27D/Tricore/Gtm/Tom/Timer/IfxGtm_Tom_Timer.o  ./Libraries/iLLD/TC27D/Tricore/Gtm/Tom/PwmHl/IfxGtm_Tom_PwmHl.o  ./Libraries/iLLD/TC27D/Tricore/Gtm/Std/IfxGtm.o ./Libraries/iLLD/TC27D/Tricore/Gtm/Std/IfxGtm_Atom.o ./Libraries/iLLD/TC27D/Tricore/Gtm/Std/IfxGtm_Cmu.o ./Libraries/iLLD/TC27D/Tricore/Gtm/Std/IfxGtm_Dpll.o ./Libraries/iLLD/TC27D/Tricore/Gtm/Std/IfxGtm_Tbu.o ./Libraries/iLLD/TC27D/Tricore/Gtm/Std/IfxGtm_Tim.o ./Libraries/iLLD/TC27D/Tricore/Gtm/Std/IfxGtm_Tom.o  ./Libraries/iLLD/TC27D/Tricore/Gpt12/Std/IfxGpt12.o  ./Libraries/iLLD/TC27D/Tricore/Gpt12/IncrEnc/IfxGpt12_IncrEnc.o  ./Libraries/iLLD/TC27D/Tricore/Dma/Std/IfxDma.o  ./Libraries/iLLD/TC27D/Tricore/Dma/Dma/IfxDma_Dma.o  ./Libraries/iLLD/TC27D/Tricore/Cpu/Trap/IfxCpu_Trap.o  ./Libraries/iLLD/TC27D/Tricore/Cpu/Std/IfxCpu.o  ./Libraries/iLLD/TC27D/Tricore/Cpu/Irq/IfxCpu_Irq.o  ./Libraries/iLLD/TC27D/Tricore/Cpu/CStart/IfxCpu_CStart0.o ./Libraries/iLLD/TC27D/Tricore/Cpu/CStart/IfxCpu_CStart1.o ./Libraries/iLLD/TC27D/Tricore/Cpu/CStart/IfxCpu_CStart2.o  ./Libraries/Service/CpuGeneric/SysSe/Bsp/Assert.o ./Libraries/Service/CpuGeneric/SysSe/Bsp/Bsp.o  ./Libraries/Service/CpuGeneric/StdIf/IfxStdIf_DPipe.o ./Libraries/Service/CpuGeneric/StdIf/IfxStdIf_Pos.o ./Libraries/Service/CpuGeneric/StdIf/IfxStdIf_PwmHl.o ./Libraries/Service/CpuGeneric/StdIf/IfxStdIf_Timer.o  ./Libraries/Service/CpuGeneric/If/SpiIf.o  ./Libraries/Infra/Platform/Tricore/Compilers/CompilerDcc.o ./Libraries/Infra/Platform/Tricore/Compilers/CompilerGhs.o ./Libraries/Infra/Platform/Tricore/Compilers/CompilerGnuc.o ./Libraries/Infra/Platform/Tricore/Compilers/CompilerTasking.o  ./Configurations/Debug/sync_on_halt.o  ./0_Src/2_CDrv/Config/Ifx_Cfg_Vadc.o  ./0_Src/2_CDrv/BspTime.o ./0_Src/2_CDrv/GPT12_Encoder.o ./0_Src/2_CDrv/GTM_TOM_3_Phase_Inverter_PWM.o ./0_Src/2_CDrv/MULTICAN_CanfdMsg.o ./0_Src/2_CDrv/MULTICAN_DebugCanMsg.o ./0_Src/2_CDrv/MULTICAN_FD.o ./0_Src/2_CDrv/MultiLED.o ./0_Src/2_CDrv/SPI_ENCODER.o ./0_Src/2_CDrv/Torque_Calibration.o ./0_Src/2_CDrv/Vadc_LowPassPT1.o ./0_Src/2_CDrv/Vadc_VIT.o  ./0_Src/1_SrvSw/TaskOs/AppScheduler.o ./0_Src/1_SrvSw/TaskOs/AppTaskFu.o ./0_Src/1_SrvSw/TaskOs/AppTimerOS.o ./0_Src/1_SrvSw/TaskOs/BSW_Main.o  ./0_Src/1_SrvSw/SysSe/MotorDrive/MTPA/PMSM_MTPA_Module.o ./0_Src/1_SrvSw/SysSe/MotorDrive/MTPA/PMSM_MTPA_Module_data.o  ./0_Src/1_SrvSw/SysSe/MotorDrive/Current_Controller/PMSM_CurrentControl_System.o ./0_Src/1_SrvSw/SysSe/MotorDrive/Current_Controller/PMSM_CurrentControl_System_data.o ./0_Src/1_SrvSw/SysSe/MotorDrive/Current_Controller/rtGetInf.o ./0_Src/1_SrvSw/SysSe/MotorDrive/Current_Controller/rtGetNaN.o ./0_Src/1_SrvSw/SysSe/MotorDrive/Current_Controller/rt_nonfinite.o  ./0_Src/1_SrvSw/SysSe/MotorDrive/Clarke.o ./0_Src/1_SrvSw/SysSe/MotorDrive/Foc.o ./0_Src/1_SrvSw/SysSe/MotorDrive/Park.o ./0_Src/1_SrvSw/SysSe/MotorDrive/Pi.o ./0_Src/1_SrvSw/SysSe/MotorDrive/SpaceVectorModulation.o ./0_Src/1_SrvSw/SysSe/MotorDrive/Tables.o ./0_Src/1_SrvSw/SysSe/MotorDrive/Tables_const.o  ./0_Src/1_SrvSw/SysSe/Math/Arith.FixPoint.Tasking.o ./0_Src/1_SrvSw/SysSe/Math/AverageFiltering.o ./0_Src/1_SrvSw/SysSe/Math/LowPass_PT1.o  ./0_Src/1_SrvSw/Config/Ifx_Cfg_Scheduler.o  ./0_Src/0_AppSw/SWC/AppTorqueControl.o ./0_Src/0_AppSw/SWC/App_VelocityControl.o ./0_Src/0_AppSw/SWC/App_VelocityEval.o ./0_Src/0_AppSw/SWC/MotorMgtSwc.o  ./Cpu0_Main.o ./Cpu1_Main.o ./Cpu2_Main.o 
Finished building target: TC275_HWA1_FOC_b240227-AddSimulinkCode.elf
 
Invoking: Print Size
elfsize  "TC275_HWA1_FOC_b240227-AddSimulinkCode.elf"
Total sizes:
ROM: 0xf939 (63801) = code: 0xd636 (54838) + romdata: 0x2303 (8963)
RAM: 0xc3b8 (50104) = data + bss
Finished building: TC275_HWA1_FOC_b240227-AddSimulinkCode.siz
 
TASKING VX-toolset for AURIX Development Studio (non-commercial): ELF size v1.1r8 Build 22011964

11:16:31 Build Finished. 0 errors, 0 warnings. (took 3s.812ms)

